CRITICAL - 2026-04-08 13:53:43 --> CodeIgniter\View\Exceptions\ViewException: Invalid file: "template/footer.php"
[Method: GET, Route: about]
in SYSTEMPATH\Exceptions\FrameworkException.php on line 39.
 1 SYSTEMPATH\View\View.php(226): CodeIgniter\Exceptions\FrameworkException::forInvalidFile('template/footer.php')
 2 SYSTEMPATH\View\View.php(487): CodeIgniter\View\View->render('template/footer', null, true)
 3 APPPATH\Views\about.php(5): CodeIgniter\View\View->include('template/footer')
 4 SYSTEMPATH\View\View.php(238): include('C:\\xampp\\htdocs\\Lab11_ci\\ci4\\app\\Views\\about.php')
 5 SYSTEMPATH\View\View.php(241): CodeIgniter\View\View->CodeIgniter\View\{closure}()
 6 SYSTEMPATH\Common.php(1250): CodeIgniter\View\View->render('about', [], true)
 7 APPPATH\Controllers\page.php(9): view('about', [...])
 8 SYSTEMPATH\CodeIgniter.php(951): App\Controllers\Page->about()
 9 SYSTEMPATH\CodeIgniter.php(497): CodeIgniter\CodeIgniter->runController(Object(App\Controllers\Page))
10 SYSTEMPATH\CodeIgniter.php(340): CodeIgniter\CodeIgniter->handleRequest(null, Object(Config\Cache), false)
11 SYSTEMPATH\Boot.php(417): CodeIgniter\CodeIgniter->run()
12 SYSTEMPATH\Boot.php(68): CodeIgniter\Boot::runCodeIgniter(Object(CodeIgniter\CodeIgniter))
13 FCPATH\index.php(59): CodeIgniter\Boot::bootWeb(Object(Config\Paths))
14 SYSTEMPATH\rewrite.php(44): require_once('C:\\xampp\\htdocs\\Lab11_ci\\ci4\\public\\index.php')
CRITICAL - 2026-04-08 13:53:46 --> CodeIgniter\View\Exceptions\ViewException: Invalid file: "template/footer.php"
[Method: GET, Route: about]
in SYSTEMPATH\Exceptions\FrameworkException.php on line 39.
 1 SYSTEMPATH\View\View.php(226): CodeIgniter\Exceptions\FrameworkException::forInvalidFile('template/footer.php')
 2 SYSTEMPATH\View\View.php(487): CodeIgniter\View\View->render('template/footer', null, true)
 3 APPPATH\Views\about.php(5): CodeIgniter\View\View->include('template/footer')
 4 SYSTEMPATH\View\View.php(238): include('C:\\xampp\\htdocs\\Lab11_ci\\ci4\\app\\Views\\about.php')
 5 SYSTEMPATH\View\View.php(241): CodeIgniter\View\View->CodeIgniter\View\{closure}()
 6 SYSTEMPATH\Common.php(1250): CodeIgniter\View\View->render('about', [], true)
 7 APPPATH\Controllers\page.php(9): view('about', [...])
 8 SYSTEMPATH\CodeIgniter.php(951): App\Controllers\Page->about()
 9 SYSTEMPATH\CodeIgniter.php(497): CodeIgniter\CodeIgniter->runController(Object(App\Controllers\Page))
10 SYSTEMPATH\CodeIgniter.php(340): CodeIgniter\CodeIgniter->handleRequest(null, Object(Config\Cache), false)
11 SYSTEMPATH\Boot.php(417): CodeIgniter\CodeIgniter->run()
12 SYSTEMPATH\Boot.php(68): CodeIgniter\Boot::runCodeIgniter(Object(CodeIgniter\CodeIgniter))
13 FCPATH\index.php(59): CodeIgniter\Boot::bootWeb(Object(Config\Paths))
14 SYSTEMPATH\rewrite.php(44): require_once('C:\\xampp\\htdocs\\Lab11_ci\\ci4\\public\\index.php')
CRITICAL - 2026-04-08 13:57:54 --> CodeIgniter\View\Exceptions\ViewException: Invalid file: "template/footer.php"
[Method: GET, Route: about]
in SYSTEMPATH\Exceptions\FrameworkException.php on line 39.
 1 SYSTEMPATH\View\View.php(226): CodeIgniter\Exceptions\FrameworkException::forInvalidFile('template/footer.php')
 2 SYSTEMPATH\View\View.php(487): CodeIgniter\View\View->render('template/footer', null, true)
 3 APPPATH\Views\about.php(8): CodeIgniter\View\View->include('template/footer')
 4 SYSTEMPATH\View\View.php(238): include('C:\\xampp\\htdocs\\Lab11_ci\\ci4\\app\\Views\\about.php')
 5 SYSTEMPATH\View\View.php(241): CodeIgniter\View\View->CodeIgniter\View\{closure}()
 6 SYSTEMPATH\Common.php(1250): CodeIgniter\View\View->render('about', [], true)
 7 APPPATH\Controllers\page.php(9): view('about', [...])
 8 SYSTEMPATH\CodeIgniter.php(951): App\Controllers\Page->about()
 9 SYSTEMPATH\CodeIgniter.php(497): CodeIgniter\CodeIgniter->runController(Object(App\Controllers\Page))
10 SYSTEMPATH\CodeIgniter.php(340): CodeIgniter\CodeIgniter->handleRequest(null, Object(Config\Cache), false)
11 SYSTEMPATH\Boot.php(417): CodeIgniter\CodeIgniter->run()
12 SYSTEMPATH\Boot.php(68): CodeIgniter\Boot::runCodeIgniter(Object(CodeIgniter\CodeIgniter))
13 FCPATH\index.php(59): CodeIgniter\Boot::bootWeb(Object(Config\Paths))
14 SYSTEMPATH\rewrite.php(44): require_once('C:\\xampp\\htdocs\\Lab11_ci\\ci4\\public\\index.php')
CRITICAL - 2026-04-08 14:01:55 --> CodeIgniter\View\Exceptions\ViewException: Invalid file: "template/footer.php"
[Method: GET, Route: about]
in SYSTEMPATH\Exceptions\FrameworkException.php on line 39.
 1 SYSTEMPATH\View\View.php(226): CodeIgniter\Exceptions\FrameworkException::forInvalidFile('template/footer.php')
 2 SYSTEMPATH\View\View.php(487): CodeIgniter\View\View->render('template/footer', null, true)
 3 APPPATH\Views\about.php(8): CodeIgniter\View\View->include('template/footer')
 4 SYSTEMPATH\View\View.php(238): include('C:\\xampp\\htdocs\\Lab11_ci\\ci4\\app\\Views\\about.php')
 5 SYSTEMPATH\View\View.php(241): CodeIgniter\View\View->CodeIgniter\View\{closure}()
 6 SYSTEMPATH\Common.php(1250): CodeIgniter\View\View->render('about', [], true)
 7 APPPATH\Controllers\page.php(9): view('about', [...])
 8 SYSTEMPATH\CodeIgniter.php(951): App\Controllers\Page->about()
 9 SYSTEMPATH\CodeIgniter.php(497): CodeIgniter\CodeIgniter->runController(Object(App\Controllers\Page))
10 SYSTEMPATH\CodeIgniter.php(340): CodeIgniter\CodeIgniter->handleRequest(null, Object(Config\Cache), false)
11 SYSTEMPATH\Boot.php(417): CodeIgniter\CodeIgniter->run()
12 SYSTEMPATH\Boot.php(68): CodeIgniter\Boot::runCodeIgniter(Object(CodeIgniter\CodeIgniter))
13 FCPATH\index.php(59): CodeIgniter\Boot::bootWeb(Object(Config\Paths))
14 SYSTEMPATH\rewrite.php(44): require_once('C:\\xampp\\htdocs\\Lab11_ci\\ci4\\public\\index.php')
CRITICAL - 2026-04-08 14:01:56 --> CodeIgniter\View\Exceptions\ViewException: Invalid file: "template/footer.php"
[Method: GET, Route: about]
in SYSTEMPATH\Exceptions\FrameworkException.php on line 39.
 1 SYSTEMPATH\View\View.php(226): CodeIgniter\Exceptions\FrameworkException::forInvalidFile('template/footer.php')
 2 SYSTEMPATH\View\View.php(487): CodeIgniter\View\View->render('template/footer', null, true)
 3 APPPATH\Views\about.php(8): CodeIgniter\View\View->include('template/footer')
 4 SYSTEMPATH\View\View.php(238): include('C:\\xampp\\htdocs\\Lab11_ci\\ci4\\app\\Views\\about.php')
 5 SYSTEMPATH\View\View.php(241): CodeIgniter\View\View->CodeIgniter\View\{closure}()
 6 SYSTEMPATH\Common.php(1250): CodeIgniter\View\View->render('about', [], true)
 7 APPPATH\Controllers\page.php(9): view('about', [...])
 8 SYSTEMPATH\CodeIgniter.php(951): App\Controllers\Page->about()
 9 SYSTEMPATH\CodeIgniter.php(497): CodeIgniter\CodeIgniter->runController(Object(App\Controllers\Page))
10 SYSTEMPATH\CodeIgniter.php(340): CodeIgniter\CodeIgniter->handleRequest(null, Object(Config\Cache), false)
11 SYSTEMPATH\Boot.php(417): CodeIgniter\CodeIgniter->run()
12 SYSTEMPATH\Boot.php(68): CodeIgniter\Boot::runCodeIgniter(Object(CodeIgniter\CodeIgniter))
13 FCPATH\index.php(59): CodeIgniter\Boot::bootWeb(Object(Config\Paths))
14 SYSTEMPATH\rewrite.php(44): require_once('C:\\xampp\\htdocs\\Lab11_ci\\ci4\\public\\index.php')
CRITICAL - 2026-04-08 14:01:56 --> CodeIgniter\View\Exceptions\ViewException: Invalid file: "template/footer.php"
[Method: GET, Route: about]
in SYSTEMPATH\Exceptions\FrameworkException.php on line 39.
 1 SYSTEMPATH\View\View.php(226): CodeIgniter\Exceptions\FrameworkException::forInvalidFile('template/footer.php')
 2 SYSTEMPATH\View\View.php(487): CodeIgniter\View\View->render('template/footer', null, true)
 3 APPPATH\Views\about.php(8): CodeIgniter\View\View->include('template/footer')
 4 SYSTEMPATH\View\View.php(238): include('C:\\xampp\\htdocs\\Lab11_ci\\ci4\\app\\Views\\about.php')
 5 SYSTEMPATH\View\View.php(241): CodeIgniter\View\View->CodeIgniter\View\{closure}()
 6 SYSTEMPATH\Common.php(1250): CodeIgniter\View\View->render('about', [], true)
 7 APPPATH\Controllers\page.php(9): view('about', [...])
 8 SYSTEMPATH\CodeIgniter.php(951): App\Controllers\Page->about()
 9 SYSTEMPATH\CodeIgniter.php(497): CodeIgniter\CodeIgniter->runController(Object(App\Controllers\Page))
10 SYSTEMPATH\CodeIgniter.php(340): CodeIgniter\CodeIgniter->handleRequest(null, Object(Config\Cache), false)
11 SYSTEMPATH\Boot.php(417): CodeIgniter\CodeIgniter->run()
12 SYSTEMPATH\Boot.php(68): CodeIgniter\Boot::runCodeIgniter(Object(CodeIgniter\CodeIgniter))
13 FCPATH\index.php(59): CodeIgniter\Boot::bootWeb(Object(Config\Paths))
14 SYSTEMPATH\rewrite.php(44): require_once('C:\\xampp\\htdocs\\Lab11_ci\\ci4\\public\\index.php')
CRITICAL - 2026-04-08 14:01:57 --> CodeIgniter\View\Exceptions\ViewException: Invalid file: "template/footer.php"
[Method: GET, Route: about]
in SYSTEMPATH\Exceptions\FrameworkException.php on line 39.
 1 SYSTEMPATH\View\View.php(226): CodeIgniter\Exceptions\FrameworkException::forInvalidFile('template/footer.php')
 2 SYSTEMPATH\View\View.php(487): CodeIgniter\View\View->render('template/footer', null, true)
 3 APPPATH\Views\about.php(8): CodeIgniter\View\View->include('template/footer')
 4 SYSTEMPATH\View\View.php(238): include('C:\\xampp\\htdocs\\Lab11_ci\\ci4\\app\\Views\\about.php')
 5 SYSTEMPATH\View\View.php(241): CodeIgniter\View\View->CodeIgniter\View\{closure}()
 6 SYSTEMPATH\Common.php(1250): CodeIgniter\View\View->render('about', [], true)
 7 APPPATH\Controllers\page.php(9): view('about', [...])
 8 SYSTEMPATH\CodeIgniter.php(951): App\Controllers\Page->about()
 9 SYSTEMPATH\CodeIgniter.php(497): CodeIgniter\CodeIgniter->runController(Object(App\Controllers\Page))
10 SYSTEMPATH\CodeIgniter.php(340): CodeIgniter\CodeIgniter->handleRequest(null, Object(Config\Cache), false)
11 SYSTEMPATH\Boot.php(417): CodeIgniter\CodeIgniter->run()
12 SYSTEMPATH\Boot.php(68): CodeIgniter\Boot::runCodeIgniter(Object(CodeIgniter\CodeIgniter))
13 FCPATH\index.php(59): CodeIgniter\Boot::bootWeb(Object(Config\Paths))
14 SYSTEMPATH\rewrite.php(44): require_once('C:\\xampp\\htdocs\\Lab11_ci\\ci4\\public\\index.php')
CRITICAL - 2026-04-08 14:06:31 --> CodeIgniter\View\Exceptions\ViewException: Invalid file: "template/footer.php"
[Method: GET, Route: about]
in SYSTEMPATH\Exceptions\FrameworkException.php on line 39.
 1 SYSTEMPATH\View\View.php(226): CodeIgniter\Exceptions\FrameworkException::forInvalidFile('template/footer.php')
 2 SYSTEMPATH\View\View.php(487): CodeIgniter\View\View->render('template/footer', null, true)
 3 APPPATH\Views\about.php(8): CodeIgniter\View\View->include('template/footer')
 4 SYSTEMPATH\View\View.php(238): include('C:\\xampp\\htdocs\\Lab11_ci\\ci4\\app\\Views\\about.php')
 5 SYSTEMPATH\View\View.php(241): CodeIgniter\View\View->CodeIgniter\View\{closure}()
 6 SYSTEMPATH\Common.php(1250): CodeIgniter\View\View->render('about', [], true)
 7 APPPATH\Controllers\page.php(9): view('about', [...])
 8 SYSTEMPATH\CodeIgniter.php(951): App\Controllers\Page->about()
 9 SYSTEMPATH\CodeIgniter.php(497): CodeIgniter\CodeIgniter->runController(Object(App\Controllers\Page))
10 SYSTEMPATH\CodeIgniter.php(340): CodeIgniter\CodeIgniter->handleRequest(null, Object(Config\Cache), false)
11 SYSTEMPATH\Boot.php(417): CodeIgniter\CodeIgniter->run()
12 SYSTEMPATH\Boot.php(68): CodeIgniter\Boot::runCodeIgniter(Object(CodeIgniter\CodeIgniter))
13 FCPATH\index.php(59): CodeIgniter\Boot::bootWeb(Object(Config\Paths))
14 SYSTEMPATH\rewrite.php(44): require_once('C:\\xampp\\htdocs\\Lab11_ci\\ci4\\public\\index.php')
CRITICAL - 2026-04-08 14:11:53 --> CodeIgniter\View\Exceptions\ViewException: Invalid file: "template/footer.php"
[Method: GET, Route: about/]
in SYSTEMPATH\Exceptions\FrameworkException.php on line 39.
 1 SYSTEMPATH\View\View.php(226): CodeIgniter\Exceptions\FrameworkException::forInvalidFile('template/footer.php')
 2 SYSTEMPATH\View\View.php(487): CodeIgniter\View\View->render('template/footer', null, true)
 3 APPPATH\Views\about.php(8): CodeIgniter\View\View->include('template/footer')
 4 SYSTEMPATH\View\View.php(238): include('C:\\xampp\\htdocs\\Lab11_ci\\ci4\\app\\Views\\about.php')
 5 SYSTEMPATH\View\View.php(241): CodeIgniter\View\View->CodeIgniter\View\{closure}()
 6 SYSTEMPATH\Common.php(1250): CodeIgniter\View\View->render('about', [], true)
 7 APPPATH\Controllers\page.php(9): view('about', [...])
 8 SYSTEMPATH\CodeIgniter.php(951): App\Controllers\Page->about()
 9 SYSTEMPATH\CodeIgniter.php(497): CodeIgniter\CodeIgniter->runController(Object(App\Controllers\Page))
10 SYSTEMPATH\CodeIgniter.php(340): CodeIgniter\CodeIgniter->handleRequest(null, Object(Config\Cache), false)
11 SYSTEMPATH\Boot.php(417): CodeIgniter\CodeIgniter->run()
12 SYSTEMPATH\Boot.php(68): CodeIgniter\Boot::runCodeIgniter(Object(CodeIgniter\CodeIgniter))
13 FCPATH\index.php(59): CodeIgniter\Boot::bootWeb(Object(Config\Paths))
14 SYSTEMPATH\rewrite.php(44): require_once('C:\\xampp\\htdocs\\Lab11_ci\\ci4\\public\\index.php')
CRITICAL - 2026-04-08 14:16:37 --> CodeIgniter\View\Exceptions\ViewException: Invalid file: "template/footer.php"
[Method: GET, Route: about/]
in SYSTEMPATH\Exceptions\FrameworkException.php on line 39.
 1 SYSTEMPATH\View\View.php(226): CodeIgniter\Exceptions\FrameworkException::forInvalidFile('template/footer.php')
 2 SYSTEMPATH\View\View.php(487): CodeIgniter\View\View->render('template/footer', null, true)
 3 APPPATH\Views\about.php(8): CodeIgniter\View\View->include('template/footer')
 4 SYSTEMPATH\View\View.php(238): include('C:\\xampp\\htdocs\\Lab11_ci\\ci4\\app\\Views\\about.php')
 5 SYSTEMPATH\View\View.php(241): CodeIgniter\View\View->CodeIgniter\View\{closure}()
 6 SYSTEMPATH\Common.php(1250): CodeIgniter\View\View->render('about', [], true)
 7 APPPATH\Controllers\page.php(9): view('about', [...])
 8 SYSTEMPATH\CodeIgniter.php(951): App\Controllers\Page->about()
 9 SYSTEMPATH\CodeIgniter.php(497): CodeIgniter\CodeIgniter->runController(Object(App\Controllers\Page))
10 SYSTEMPATH\CodeIgniter.php(340): CodeIgniter\CodeIgniter->handleRequest(null, Object(Config\Cache), false)
11 SYSTEMPATH\Boot.php(417): CodeIgniter\CodeIgniter->run()
12 SYSTEMPATH\Boot.php(68): CodeIgniter\Boot::runCodeIgniter(Object(CodeIgniter\CodeIgniter))
13 FCPATH\index.php(59): CodeIgniter\Boot::bootWeb(Object(Config\Paths))
14 SYSTEMPATH\rewrite.php(44): require_once('C:\\xampp\\htdocs\\Lab11_ci\\ci4\\public\\index.php')
CRITICAL - 2026-04-08 14:17:45 --> CodeIgniter\View\Exceptions\ViewException: Invalid file: "template/footer.php"
[Method: GET, Route: about/]
in SYSTEMPATH\Exceptions\FrameworkException.php on line 39.
 1 SYSTEMPATH\View\View.php(226): CodeIgniter\Exceptions\FrameworkException::forInvalidFile('template/footer.php')
 2 SYSTEMPATH\View\View.php(487): CodeIgniter\View\View->render('template/footer', null, true)
 3 APPPATH\Views\about.php(8): CodeIgniter\View\View->include('template/footer')
 4 SYSTEMPATH\View\View.php(238): include('C:\\xampp\\htdocs\\Lab11_ci\\ci4\\app\\Views\\about.php')
 5 SYSTEMPATH\View\View.php(241): CodeIgniter\View\View->CodeIgniter\View\{closure}()
 6 SYSTEMPATH\Common.php(1250): CodeIgniter\View\View->render('about', [], true)
 7 APPPATH\Controllers\page.php(9): view('about', [...])
 8 SYSTEMPATH\CodeIgniter.php(951): App\Controllers\Page->about()
 9 SYSTEMPATH\CodeIgniter.php(497): CodeIgniter\CodeIgniter->runController(Object(App\Controllers\Page))
10 SYSTEMPATH\CodeIgniter.php(340): CodeIgniter\CodeIgniter->handleRequest(null, Object(Config\Cache), false)
11 SYSTEMPATH\Boot.php(417): CodeIgniter\CodeIgniter->run()
12 SYSTEMPATH\Boot.php(68): CodeIgniter\Boot::runCodeIgniter(Object(CodeIgniter\CodeIgniter))
13 FCPATH\index.php(59): CodeIgniter\Boot::bootWeb(Object(Config\Paths))
14 SYSTEMPATH\rewrite.php(44): require_once('C:\\xampp\\htdocs\\Lab11_ci\\ci4\\public\\index.php')
CRITICAL - 2026-04-08 14:17:48 --> CodeIgniter\View\Exceptions\ViewException: Invalid file: "template/footer.php"
[Method: GET, Route: about/]
in SYSTEMPATH\Exceptions\FrameworkException.php on line 39.
 1 SYSTEMPATH\View\View.php(226): CodeIgniter\Exceptions\FrameworkException::forInvalidFile('template/footer.php')
 2 SYSTEMPATH\View\View.php(487): CodeIgniter\View\View->render('template/footer', null, true)
 3 APPPATH\Views\about.php(8): CodeIgniter\View\View->include('template/footer')
 4 SYSTEMPATH\View\View.php(238): include('C:\\xampp\\htdocs\\Lab11_ci\\ci4\\app\\Views\\about.php')
 5 SYSTEMPATH\View\View.php(241): CodeIgniter\View\View->CodeIgniter\View\{closure}()
 6 SYSTEMPATH\Common.php(1250): CodeIgniter\View\View->render('about', [], true)
 7 APPPATH\Controllers\page.php(9): view('about', [...])
 8 SYSTEMPATH\CodeIgniter.php(951): App\Controllers\Page->about()
 9 SYSTEMPATH\CodeIgniter.php(497): CodeIgniter\CodeIgniter->runController(Object(App\Controllers\Page))
10 SYSTEMPATH\CodeIgniter.php(340): CodeIgniter\CodeIgniter->handleRequest(null, Object(Config\Cache), false)
11 SYSTEMPATH\Boot.php(417): CodeIgniter\CodeIgniter->run()
12 SYSTEMPATH\Boot.php(68): CodeIgniter\Boot::runCodeIgniter(Object(CodeIgniter\CodeIgniter))
13 FCPATH\index.php(59): CodeIgniter\Boot::bootWeb(Object(Config\Paths))
14 SYSTEMPATH\rewrite.php(44): require_once('C:\\xampp\\htdocs\\Lab11_ci\\ci4\\public\\index.php')
CRITICAL - 2026-04-08 14:21:13 --> CodeIgniter\View\Exceptions\ViewException: Invalid file: "template/footer.php"
[Method: GET, Route: about/]
in SYSTEMPATH\Exceptions\FrameworkException.php on line 39.
 1 SYSTEMPATH\View\View.php(226): CodeIgniter\Exceptions\FrameworkException::forInvalidFile('template/footer.php')
 2 SYSTEMPATH\View\View.php(487): CodeIgniter\View\View->render('template/footer', null, true)
 3 APPPATH\Views\about.php(3): CodeIgniter\View\View->include('template/footer')
 4 SYSTEMPATH\View\View.php(238): include('C:\\xampp\\htdocs\\Lab11_ci\\ci4\\app\\Views\\about.php')
 5 SYSTEMPATH\View\View.php(241): CodeIgniter\View\View->CodeIgniter\View\{closure}()
 6 SYSTEMPATH\Common.php(1250): CodeIgniter\View\View->render('about', [], true)
 7 APPPATH\Controllers\page.php(9): view('about', [...])
 8 SYSTEMPATH\CodeIgniter.php(951): App\Controllers\Page->about()
 9 SYSTEMPATH\CodeIgniter.php(497): CodeIgniter\CodeIgniter->runController(Object(App\Controllers\Page))
10 SYSTEMPATH\CodeIgniter.php(340): CodeIgniter\CodeIgniter->handleRequest(null, Object(Config\Cache), false)
11 SYSTEMPATH\Boot.php(417): CodeIgniter\CodeIgniter->run()
12 SYSTEMPATH\Boot.php(68): CodeIgniter\Boot::runCodeIgniter(Object(CodeIgniter\CodeIgniter))
13 FCPATH\index.php(59): CodeIgniter\Boot::bootWeb(Object(Config\Paths))
14 SYSTEMPATH\rewrite.php(44): require_once('C:\\xampp\\htdocs\\Lab11_ci\\ci4\\public\\index.php')
CRITICAL - 2026-04-08 14:26:01 --> CodeIgniter\View\Exceptions\ViewException: Invalid file: "template/footer.php"
[Method: GET, Route: about/]
in SYSTEMPATH\Exceptions\FrameworkException.php on line 39.
 1 SYSTEMPATH\View\View.php(226): CodeIgniter\Exceptions\FrameworkException::forInvalidFile('template/footer.php')
 2 SYSTEMPATH\View\View.php(487): CodeIgniter\View\View->render('template/footer', null, true)
 3 APPPATH\Views\about.php(7): CodeIgniter\View\View->include('template/footer')
 4 SYSTEMPATH\View\View.php(238): include('C:\\xampp\\htdocs\\Lab11_ci\\ci4\\app\\Views\\about.php')
 5 SYSTEMPATH\View\View.php(241): CodeIgniter\View\View->CodeIgniter\View\{closure}()
 6 SYSTEMPATH\Common.php(1250): CodeIgniter\View\View->render('about', [], true)
 7 APPPATH\Controllers\page.php(9): view('about', [...])
 8 SYSTEMPATH\CodeIgniter.php(951): App\Controllers\Page->about()
 9 SYSTEMPATH\CodeIgniter.php(497): CodeIgniter\CodeIgniter->runController(Object(App\Controllers\Page))
10 SYSTEMPATH\CodeIgniter.php(340): CodeIgniter\CodeIgniter->handleRequest(null, Object(Config\Cache), false)
11 SYSTEMPATH\Boot.php(417): CodeIgniter\CodeIgniter->run()
12 SYSTEMPATH\Boot.php(68): CodeIgniter\Boot::runCodeIgniter(Object(CodeIgniter\CodeIgniter))
13 FCPATH\index.php(59): CodeIgniter\Boot::bootWeb(Object(Config\Paths))
14 SYSTEMPATH\rewrite.php(44): require_once('C:\\xampp\\htdocs\\Lab11_ci\\ci4\\public\\index.php')
CRITICAL - 2026-04-08 14:26:04 --> CodeIgniter\View\Exceptions\ViewException: Invalid file: "template/footer.php"
[Method: GET, Route: about/]
in SYSTEMPATH\Exceptions\FrameworkException.php on line 39.
 1 SYSTEMPATH\View\View.php(226): CodeIgniter\Exceptions\FrameworkException::forInvalidFile('template/footer.php')
 2 SYSTEMPATH\View\View.php(487): CodeIgniter\View\View->render('template/footer', null, true)
 3 APPPATH\Views\about.php(7): CodeIgniter\View\View->include('template/footer')
 4 SYSTEMPATH\View\View.php(238): include('C:\\xampp\\htdocs\\Lab11_ci\\ci4\\app\\Views\\about.php')
 5 SYSTEMPATH\View\View.php(241): CodeIgniter\View\View->CodeIgniter\View\{closure}()
 6 SYSTEMPATH\Common.php(1250): CodeIgniter\View\View->render('about', [], true)
 7 APPPATH\Controllers\page.php(9): view('about', [...])
 8 SYSTEMPATH\CodeIgniter.php(951): App\Controllers\Page->about()
 9 SYSTEMPATH\CodeIgniter.php(497): CodeIgniter\CodeIgniter->runController(Object(App\Controllers\Page))
10 SYSTEMPATH\CodeIgniter.php(340): CodeIgniter\CodeIgniter->handleRequest(null, Object(Config\Cache), false)
11 SYSTEMPATH\Boot.php(417): CodeIgniter\CodeIgniter->run()
12 SYSTEMPATH\Boot.php(68): CodeIgniter\Boot::runCodeIgniter(Object(CodeIgniter\CodeIgniter))
13 FCPATH\index.php(59): CodeIgniter\Boot::bootWeb(Object(Config\Paths))
14 SYSTEMPATH\rewrite.php(44): require_once('C:\\xampp\\htdocs\\Lab11_ci\\ci4\\public\\index.php')
CRITICAL - 2026-04-08 14:26:30 --> CodeIgniter\View\Exceptions\ViewException: Invalid file: "template/footer.php"
[Method: GET, Route: about/]
in SYSTEMPATH\Exceptions\FrameworkException.php on line 39.
 1 SYSTEMPATH\View\View.php(226): CodeIgniter\Exceptions\FrameworkException::forInvalidFile('template/footer.php')
 2 SYSTEMPATH\View\View.php(487): CodeIgniter\View\View->render('template/footer', null, true)
 3 APPPATH\Views\about.php(7): CodeIgniter\View\View->include('template/footer')
 4 SYSTEMPATH\View\View.php(238): include('C:\\xampp\\htdocs\\Lab11_ci\\ci4\\app\\Views\\about.php')
 5 SYSTEMPATH\View\View.php(241): CodeIgniter\View\View->CodeIgniter\View\{closure}()
 6 SYSTEMPATH\Common.php(1250): CodeIgniter\View\View->render('about', [], true)
 7 APPPATH\Controllers\page.php(9): view('about', [...])
 8 SYSTEMPATH\CodeIgniter.php(951): App\Controllers\Page->about()
 9 SYSTEMPATH\CodeIgniter.php(497): CodeIgniter\CodeIgniter->runController(Object(App\Controllers\Page))
10 SYSTEMPATH\CodeIgniter.php(340): CodeIgniter\CodeIgniter->handleRequest(null, Object(Config\Cache), false)
11 SYSTEMPATH\Boot.php(417): CodeIgniter\CodeIgniter->run()
12 SYSTEMPATH\Boot.php(68): CodeIgniter\Boot::runCodeIgniter(Object(CodeIgniter\CodeIgniter))
13 FCPATH\index.php(59): CodeIgniter\Boot::bootWeb(Object(Config\Paths))
14 SYSTEMPATH\rewrite.php(44): require_once('C:\\xampp\\htdocs\\Lab11_ci\\ci4\\public\\index.php')
CRITICAL - 2026-04-08 14:28:41 --> CodeIgniter\View\Exceptions\ViewException: Invalid file: "template/footer.php"
[Method: GET, Route: about/]
in SYSTEMPATH\Exceptions\FrameworkException.php on line 39.
 1 SYSTEMPATH\View\View.php(226): CodeIgniter\Exceptions\FrameworkException::forInvalidFile('template/footer.php')
 2 SYSTEMPATH\View\View.php(487): CodeIgniter\View\View->render('template/footer', null, true)
 3 APPPATH\Views\about.php(7): CodeIgniter\View\View->include('template/footer')
 4 SYSTEMPATH\View\View.php(238): include('C:\\xampp\\htdocs\\Lab11_ci\\ci4\\app\\Views\\about.php')
 5 SYSTEMPATH\View\View.php(241): CodeIgniter\View\View->CodeIgniter\View\{closure}()
 6 SYSTEMPATH\Common.php(1250): CodeIgniter\View\View->render('about', [], true)
 7 APPPATH\Controllers\page.php(9): view('about', [...])
 8 SYSTEMPATH\CodeIgniter.php(951): App\Controllers\Page->about()
 9 SYSTEMPATH\CodeIgniter.php(497): CodeIgniter\CodeIgniter->runController(Object(App\Controllers\Page))
10 SYSTEMPATH\CodeIgniter.php(340): CodeIgniter\CodeIgniter->handleRequest(null, Object(Config\Cache), false)
11 SYSTEMPATH\Boot.php(417): CodeIgniter\CodeIgniter->run()
12 SYSTEMPATH\Boot.php(68): CodeIgniter\Boot::runCodeIgniter(Object(CodeIgniter\CodeIgniter))
13 FCPATH\index.php(59): CodeIgniter\Boot::bootWeb(Object(Config\Paths))
14 SYSTEMPATH\rewrite.php(44): require_once('C:\\xampp\\htdocs\\Lab11_ci\\ci4\\public\\index.php')
CRITICAL - 2026-04-08 14:28:43 --> CodeIgniter\View\Exceptions\ViewException: Invalid file: "template/footer.php"
[Method: GET, Route: about/]
in SYSTEMPATH\Exceptions\FrameworkException.php on line 39.
 1 SYSTEMPATH\View\View.php(226): CodeIgniter\Exceptions\FrameworkException::forInvalidFile('template/footer.php')
 2 SYSTEMPATH\View\View.php(487): CodeIgniter\View\View->render('template/footer', null, true)
 3 APPPATH\Views\about.php(7): CodeIgniter\View\View->include('template/footer')
 4 SYSTEMPATH\View\View.php(238): include('C:\\xampp\\htdocs\\Lab11_ci\\ci4\\app\\Views\\about.php')
 5 SYSTEMPATH\View\View.php(241): CodeIgniter\View\View->CodeIgniter\View\{closure}()
 6 SYSTEMPATH\Common.php(1250): CodeIgniter\View\View->render('about', [], true)
 7 APPPATH\Controllers\page.php(9): view('about', [...])
 8 SYSTEMPATH\CodeIgniter.php(951): App\Controllers\Page->about()
 9 SYSTEMPATH\CodeIgniter.php(497): CodeIgniter\CodeIgniter->runController(Object(App\Controllers\Page))
10 SYSTEMPATH\CodeIgniter.php(340): CodeIgniter\CodeIgniter->handleRequest(null, Object(Config\Cache), false)
11 SYSTEMPATH\Boot.php(417): CodeIgniter\CodeIgniter->run()
12 SYSTEMPATH\Boot.php(68): CodeIgniter\Boot::runCodeIgniter(Object(CodeIgniter\CodeIgniter))
13 FCPATH\index.php(59): CodeIgniter\Boot::bootWeb(Object(Config\Paths))
14 SYSTEMPATH\rewrite.php(44): require_once('C:\\xampp\\htdocs\\Lab11_ci\\ci4\\public\\index.php')
CRITICAL - 2026-04-08 14:28:44 --> CodeIgniter\View\Exceptions\ViewException: Invalid file: "template/footer.php"
[Method: GET, Route: about/]
in SYSTEMPATH\Exceptions\FrameworkException.php on line 39.
 1 SYSTEMPATH\View\View.php(226): CodeIgniter\Exceptions\FrameworkException::forInvalidFile('template/footer.php')
 2 SYSTEMPATH\View\View.php(487): CodeIgniter\View\View->render('template/footer', null, true)
 3 APPPATH\Views\about.php(7): CodeIgniter\View\View->include('template/footer')
 4 SYSTEMPATH\View\View.php(238): include('C:\\xampp\\htdocs\\Lab11_ci\\ci4\\app\\Views\\about.php')
 5 SYSTEMPATH\View\View.php(241): CodeIgniter\View\View->CodeIgniter\View\{closure}()
 6 SYSTEMPATH\Common.php(1250): CodeIgniter\View\View->render('about', [], true)
 7 APPPATH\Controllers\page.php(9): view('about', [...])
 8 SYSTEMPATH\CodeIgniter.php(951): App\Controllers\Page->about()
 9 SYSTEMPATH\CodeIgniter.php(497): CodeIgniter\CodeIgniter->runController(Object(App\Controllers\Page))
10 SYSTEMPATH\CodeIgniter.php(340): CodeIgniter\CodeIgniter->handleRequest(null, Object(Config\Cache), false)
11 SYSTEMPATH\Boot.php(417): CodeIgniter\CodeIgniter->run()
12 SYSTEMPATH\Boot.php(68): CodeIgniter\Boot::runCodeIgniter(Object(CodeIgniter\CodeIgniter))
13 FCPATH\index.php(59): CodeIgniter\Boot::bootWeb(Object(Config\Paths))
14 SYSTEMPATH\rewrite.php(44): require_once('C:\\xampp\\htdocs\\Lab11_ci\\ci4\\public\\index.php')
CRITICAL - 2026-04-08 14:28:44 --> CodeIgniter\View\Exceptions\ViewException: Invalid file: "template/footer.php"
[Method: GET, Route: about/]
in SYSTEMPATH\Exceptions\FrameworkException.php on line 39.
 1 SYSTEMPATH\View\View.php(226): CodeIgniter\Exceptions\FrameworkException::forInvalidFile('template/footer.php')
 2 SYSTEMPATH\View\View.php(487): CodeIgniter\View\View->render('template/footer', null, true)
 3 APPPATH\Views\about.php(7): CodeIgniter\View\View->include('template/footer')
 4 SYSTEMPATH\View\View.php(238): include('C:\\xampp\\htdocs\\Lab11_ci\\ci4\\app\\Views\\about.php')
 5 SYSTEMPATH\View\View.php(241): CodeIgniter\View\View->CodeIgniter\View\{closure}()
 6 SYSTEMPATH\Common.php(1250): CodeIgniter\View\View->render('about', [], true)
 7 APPPATH\Controllers\page.php(9): view('about', [...])
 8 SYSTEMPATH\CodeIgniter.php(951): App\Controllers\Page->about()
 9 SYSTEMPATH\CodeIgniter.php(497): CodeIgniter\CodeIgniter->runController(Object(App\Controllers\Page))
10 SYSTEMPATH\CodeIgniter.php(340): CodeIgniter\CodeIgniter->handleRequest(null, Object(Config\Cache), false)
11 SYSTEMPATH\Boot.php(417): CodeIgniter\CodeIgniter->run()
12 SYSTEMPATH\Boot.php(68): CodeIgniter\Boot::runCodeIgniter(Object(CodeIgniter\CodeIgniter))
13 FCPATH\index.php(59): CodeIgniter\Boot::bootWeb(Object(Config\Paths))
14 SYSTEMPATH\rewrite.php(44): require_once('C:\\xampp\\htdocs\\Lab11_ci\\ci4\\public\\index.php')
CRITICAL - 2026-04-08 14:28:44 --> CodeIgniter\View\Exceptions\ViewException: Invalid file: "template/footer.php"
[Method: GET, Route: about/]
in SYSTEMPATH\Exceptions\FrameworkException.php on line 39.
 1 SYSTEMPATH\View\View.php(226): CodeIgniter\Exceptions\FrameworkException::forInvalidFile('template/footer.php')
 2 SYSTEMPATH\View\View.php(487): CodeIgniter\View\View->render('template/footer', null, true)
 3 APPPATH\Views\about.php(7): CodeIgniter\View\View->include('template/footer')
 4 SYSTEMPATH\View\View.php(238): include('C:\\xampp\\htdocs\\Lab11_ci\\ci4\\app\\Views\\about.php')
 5 SYSTEMPATH\View\View.php(241): CodeIgniter\View\View->CodeIgniter\View\{closure}()
 6 SYSTEMPATH\Common.php(1250): CodeIgniter\View\View->render('about', [], true)
 7 APPPATH\Controllers\page.php(9): view('about', [...])
 8 SYSTEMPATH\CodeIgniter.php(951): App\Controllers\Page->about()
 9 SYSTEMPATH\CodeIgniter.php(497): CodeIgniter\CodeIgniter->runController(Object(App\Controllers\Page))
10 SYSTEMPATH\CodeIgniter.php(340): CodeIgniter\CodeIgniter->handleRequest(null, Object(Config\Cache), false)
11 SYSTEMPATH\Boot.php(417): CodeIgniter\CodeIgniter->run()
12 SYSTEMPATH\Boot.php(68): CodeIgniter\Boot::runCodeIgniter(Object(CodeIgniter\CodeIgniter))
13 FCPATH\index.php(59): CodeIgniter\Boot::bootWeb(Object(Config\Paths))
14 SYSTEMPATH\rewrite.php(44): require_once('C:\\xampp\\htdocs\\Lab11_ci\\ci4\\public\\index.php')
CRITICAL - 2026-04-08 14:29:01 --> CodeIgniter\View\Exceptions\ViewException: Invalid file: "template/footer.php"
[Method: GET, Route: about/]
in SYSTEMPATH\Exceptions\FrameworkException.php on line 39.
 1 SYSTEMPATH\View\View.php(226): CodeIgniter\Exceptions\FrameworkException::forInvalidFile('template/footer.php')
 2 SYSTEMPATH\View\View.php(487): CodeIgniter\View\View->render('template/footer', null, true)
 3 APPPATH\Views\about.php(7): CodeIgniter\View\View->include('template/footer')
 4 SYSTEMPATH\View\View.php(238): include('C:\\xampp\\htdocs\\Lab11_ci\\ci4\\app\\Views\\about.php')
 5 SYSTEMPATH\View\View.php(241): CodeIgniter\View\View->CodeIgniter\View\{closure}()
 6 SYSTEMPATH\Common.php(1250): CodeIgniter\View\View->render('about', [], true)
 7 APPPATH\Controllers\page.php(9): view('about', [...])
 8 SYSTEMPATH\CodeIgniter.php(951): App\Controllers\Page->about()
 9 SYSTEMPATH\CodeIgniter.php(497): CodeIgniter\CodeIgniter->runController(Object(App\Controllers\Page))
10 SYSTEMPATH\CodeIgniter.php(340): CodeIgniter\CodeIgniter->handleRequest(null, Object(Config\Cache), false)
11 SYSTEMPATH\Boot.php(417): CodeIgniter\CodeIgniter->run()
12 SYSTEMPATH\Boot.php(68): CodeIgniter\Boot::runCodeIgniter(Object(CodeIgniter\CodeIgniter))
13 FCPATH\index.php(59): CodeIgniter\Boot::bootWeb(Object(Config\Paths))
14 SYSTEMPATH\rewrite.php(44): require_once('C:\\xampp\\htdocs\\Lab11_ci\\ci4\\public\\index.php')
CRITICAL - 2026-04-08 14:29:03 --> CodeIgniter\View\Exceptions\ViewException: Invalid file: "template/footer.php"
[Method: GET, Route: about/]
in SYSTEMPATH\Exceptions\FrameworkException.php on line 39.
 1 SYSTEMPATH\View\View.php(226): CodeIgniter\Exceptions\FrameworkException::forInvalidFile('template/footer.php')
 2 SYSTEMPATH\View\View.php(487): CodeIgniter\View\View->render('template/footer', null, true)
 3 APPPATH\Views\about.php(7): CodeIgniter\View\View->include('template/footer')
 4 SYSTEMPATH\View\View.php(238): include('C:\\xampp\\htdocs\\Lab11_ci\\ci4\\app\\Views\\about.php')
 5 SYSTEMPATH\View\View.php(241): CodeIgniter\View\View->CodeIgniter\View\{closure}()
 6 SYSTEMPATH\Common.php(1250): CodeIgniter\View\View->render('about', [], true)
 7 APPPATH\Controllers\page.php(9): view('about', [...])
 8 SYSTEMPATH\CodeIgniter.php(951): App\Controllers\Page->about()
 9 SYSTEMPATH\CodeIgniter.php(497): CodeIgniter\CodeIgniter->runController(Object(App\Controllers\Page))
10 SYSTEMPATH\CodeIgniter.php(340): CodeIgniter\CodeIgniter->handleRequest(null, Object(Config\Cache), false)
11 SYSTEMPATH\Boot.php(417): CodeIgniter\CodeIgniter->run()
12 SYSTEMPATH\Boot.php(68): CodeIgniter\Boot::runCodeIgniter(Object(CodeIgniter\CodeIgniter))
13 FCPATH\index.php(59): CodeIgniter\Boot::bootWeb(Object(Config\Paths))
14 SYSTEMPATH\rewrite.php(44): require_once('C:\\xampp\\htdocs\\Lab11_ci\\ci4\\public\\index.php')
CRITICAL - 2026-04-08 14:29:03 --> CodeIgniter\View\Exceptions\ViewException: Invalid file: "template/footer.php"
[Method: GET, Route: about/]
in SYSTEMPATH\Exceptions\FrameworkException.php on line 39.
 1 SYSTEMPATH\View\View.php(226): CodeIgniter\Exceptions\FrameworkException::forInvalidFile('template/footer.php')
 2 SYSTEMPATH\View\View.php(487): CodeIgniter\View\View->render('template/footer', null, true)
 3 APPPATH\Views\about.php(7): CodeIgniter\View\View->include('template/footer')
 4 SYSTEMPATH\View\View.php(238): include('C:\\xampp\\htdocs\\Lab11_ci\\ci4\\app\\Views\\about.php')
 5 SYSTEMPATH\View\View.php(241): CodeIgniter\View\View->CodeIgniter\View\{closure}()
 6 SYSTEMPATH\Common.php(1250): CodeIgniter\View\View->render('about', [], true)
 7 APPPATH\Controllers\page.php(9): view('about', [...])
 8 SYSTEMPATH\CodeIgniter.php(951): App\Controllers\Page->about()
 9 SYSTEMPATH\CodeIgniter.php(497): CodeIgniter\CodeIgniter->runController(Object(App\Controllers\Page))
10 SYSTEMPATH\CodeIgniter.php(340): CodeIgniter\CodeIgniter->handleRequest(null, Object(Config\Cache), false)
11 SYSTEMPATH\Boot.php(417): CodeIgniter\CodeIgniter->run()
12 SYSTEMPATH\Boot.php(68): CodeIgniter\Boot::runCodeIgniter(Object(CodeIgniter\CodeIgniter))
13 FCPATH\index.php(59): CodeIgniter\Boot::bootWeb(Object(Config\Paths))
14 SYSTEMPATH\rewrite.php(44): require_once('C:\\xampp\\htdocs\\Lab11_ci\\ci4\\public\\index.php')
CRITICAL - 2026-04-08 14:29:04 --> CodeIgniter\View\Exceptions\ViewException: Invalid file: "template/footer.php"
[Method: GET, Route: about/]
in SYSTEMPATH\Exceptions\FrameworkException.php on line 39.
 1 SYSTEMPATH\View\View.php(226): CodeIgniter\Exceptions\FrameworkException::forInvalidFile('template/footer.php')
 2 SYSTEMPATH\View\View.php(487): CodeIgniter\View\View->render('template/footer', null, true)
 3 APPPATH\Views\about.php(7): CodeIgniter\View\View->include('template/footer')
 4 SYSTEMPATH\View\View.php(238): include('C:\\xampp\\htdocs\\Lab11_ci\\ci4\\app\\Views\\about.php')
 5 SYSTEMPATH\View\View.php(241): CodeIgniter\View\View->CodeIgniter\View\{closure}()
 6 SYSTEMPATH\Common.php(1250): CodeIgniter\View\View->render('about', [], true)
 7 APPPATH\Controllers\page.php(9): view('about', [...])
 8 SYSTEMPATH\CodeIgniter.php(951): App\Controllers\Page->about()
 9 SYSTEMPATH\CodeIgniter.php(497): CodeIgniter\CodeIgniter->runController(Object(App\Controllers\Page))
10 SYSTEMPATH\CodeIgniter.php(340): CodeIgniter\CodeIgniter->handleRequest(null, Object(Config\Cache), false)
11 SYSTEMPATH\Boot.php(417): CodeIgniter\CodeIgniter->run()
12 SYSTEMPATH\Boot.php(68): CodeIgniter\Boot::runCodeIgniter(Object(CodeIgniter\CodeIgniter))
13 FCPATH\index.php(59): CodeIgniter\Boot::bootWeb(Object(Config\Paths))
14 SYSTEMPATH\rewrite.php(44): require_once('C:\\xampp\\htdocs\\Lab11_ci\\ci4\\public\\index.php')
CRITICAL - 2026-04-08 14:31:30 --> CodeIgniter\View\Exceptions\ViewException: Invalid file: "template/footer.php"
[Method: GET, Route: about]
in SYSTEMPATH\Exceptions\FrameworkException.php on line 39.
 1 SYSTEMPATH\View\View.php(226): CodeIgniter\Exceptions\FrameworkException::forInvalidFile('template/footer.php')
 2 SYSTEMPATH\View\View.php(487): CodeIgniter\View\View->render('template/footer', null, true)
 3 APPPATH\Views\about.php(7): CodeIgniter\View\View->include('template/footer')
 4 SYSTEMPATH\View\View.php(238): include('C:\\xampp\\htdocs\\Lab11_ci\\ci4\\app\\Views\\about.php')
 5 SYSTEMPATH\View\View.php(241): CodeIgniter\View\View->CodeIgniter\View\{closure}()
 6 SYSTEMPATH\Common.php(1250): CodeIgniter\View\View->render('about', [], true)
 7 APPPATH\Controllers\page.php(9): view('about', [...])
 8 SYSTEMPATH\CodeIgniter.php(951): App\Controllers\Page->about()
 9 SYSTEMPATH\CodeIgniter.php(497): CodeIgniter\CodeIgniter->runController(Object(App\Controllers\Page))
10 SYSTEMPATH\CodeIgniter.php(340): CodeIgniter\CodeIgniter->handleRequest(null, Object(Config\Cache), false)
11 SYSTEMPATH\Boot.php(417): CodeIgniter\CodeIgniter->run()
12 SYSTEMPATH\Boot.php(68): CodeIgniter\Boot::runCodeIgniter(Object(CodeIgniter\CodeIgniter))
13 FCPATH\index.php(59): CodeIgniter\Boot::bootWeb(Object(Config\Paths))
14 SYSTEMPATH\rewrite.php(44): require_once('C:\\xampp\\htdocs\\Lab11_ci\\ci4\\public\\index.php')
CRITICAL - 2026-04-08 14:35:31 --> CodeIgniter\View\Exceptions\ViewException: Invalid file: "template/footer.php"
[Method: GET, Route: about/]
in SYSTEMPATH\Exceptions\FrameworkException.php on line 39.
 1 SYSTEMPATH\View\View.php(226): CodeIgniter\Exceptions\FrameworkException::forInvalidFile('template/footer.php')
 2 SYSTEMPATH\View\View.php(487): CodeIgniter\View\View->render('template/footer', null, true)
 3 APPPATH\Views\about.php(7): CodeIgniter\View\View->include('template/footer')
 4 SYSTEMPATH\View\View.php(238): include('C:\\xampp\\htdocs\\Lab11_ci\\ci4\\app\\Views\\about.php')
 5 SYSTEMPATH\View\View.php(241): CodeIgniter\View\View->CodeIgniter\View\{closure}()
 6 SYSTEMPATH\Common.php(1250): CodeIgniter\View\View->render('about', [], true)
 7 APPPATH\Controllers\page.php(9): view('about', [...])
 8 SYSTEMPATH\CodeIgniter.php(951): App\Controllers\Page->about()
 9 SYSTEMPATH\CodeIgniter.php(497): CodeIgniter\CodeIgniter->runController(Object(App\Controllers\Page))
10 SYSTEMPATH\CodeIgniter.php(340): CodeIgniter\CodeIgniter->handleRequest(null, Object(Config\Cache), false)
11 SYSTEMPATH\Boot.php(417): CodeIgniter\CodeIgniter->run()
12 SYSTEMPATH\Boot.php(68): CodeIgniter\Boot::runCodeIgniter(Object(CodeIgniter\CodeIgniter))
13 FCPATH\index.php(59): CodeIgniter\Boot::bootWeb(Object(Config\Paths))
14 SYSTEMPATH\rewrite.php(44): require_once('C:\\xampp\\htdocs\\Lab11_ci\\ci4\\public\\index.php')
CRITICAL - 2026-04-08 14:35:35 --> CodeIgniter\View\Exceptions\ViewException: Invalid file: "template/footer.php"
[Method: GET, Route: about/]
in SYSTEMPATH\Exceptions\FrameworkException.php on line 39.
 1 SYSTEMPATH\View\View.php(226): CodeIgniter\Exceptions\FrameworkException::forInvalidFile('template/footer.php')
 2 SYSTEMPATH\View\View.php(487): CodeIgniter\View\View->render('template/footer', null, true)
 3 APPPATH\Views\about.php(7): CodeIgniter\View\View->include('template/footer')
 4 SYSTEMPATH\View\View.php(238): include('C:\\xampp\\htdocs\\Lab11_ci\\ci4\\app\\Views\\about.php')
 5 SYSTEMPATH\View\View.php(241): CodeIgniter\View\View->CodeIgniter\View\{closure}()
 6 SYSTEMPATH\Common.php(1250): CodeIgniter\View\View->render('about', [], true)
 7 APPPATH\Controllers\page.php(9): view('about', [...])
 8 SYSTEMPATH\CodeIgniter.php(951): App\Controllers\Page->about()
 9 SYSTEMPATH\CodeIgniter.php(497): CodeIgniter\CodeIgniter->runController(Object(App\Controllers\Page))
10 SYSTEMPATH\CodeIgniter.php(340): CodeIgniter\CodeIgniter->handleRequest(null, Object(Config\Cache), false)
11 SYSTEMPATH\Boot.php(417): CodeIgniter\CodeIgniter->run()
12 SYSTEMPATH\Boot.php(68): CodeIgniter\Boot::runCodeIgniter(Object(CodeIgniter\CodeIgniter))
13 FCPATH\index.php(59): CodeIgniter\Boot::bootWeb(Object(Config\Paths))
14 SYSTEMPATH\rewrite.php(44): require_once('C:\\xampp\\htdocs\\Lab11_ci\\ci4\\public\\index.php')
CRITICAL - 2026-04-08 14:35:37 --> CodeIgniter\View\Exceptions\ViewException: Invalid file: "template/footer.php"
[Method: GET, Route: about/]
in SYSTEMPATH\Exceptions\FrameworkException.php on line 39.
 1 SYSTEMPATH\View\View.php(226): CodeIgniter\Exceptions\FrameworkException::forInvalidFile('template/footer.php')
 2 SYSTEMPATH\View\View.php(487): CodeIgniter\View\View->render('template/footer', null, true)
 3 APPPATH\Views\about.php(7): CodeIgniter\View\View->include('template/footer')
 4 SYSTEMPATH\View\View.php(238): include('C:\\xampp\\htdocs\\Lab11_ci\\ci4\\app\\Views\\about.php')
 5 SYSTEMPATH\View\View.php(241): CodeIgniter\View\View->CodeIgniter\View\{closure}()
 6 SYSTEMPATH\Common.php(1250): CodeIgniter\View\View->render('about', [], true)
 7 APPPATH\Controllers\page.php(9): view('about', [...])
 8 SYSTEMPATH\CodeIgniter.php(951): App\Controllers\Page->about()
 9 SYSTEMPATH\CodeIgniter.php(497): CodeIgniter\CodeIgniter->runController(Object(App\Controllers\Page))
10 SYSTEMPATH\CodeIgniter.php(340): CodeIgniter\CodeIgniter->handleRequest(null, Object(Config\Cache), false)
11 SYSTEMPATH\Boot.php(417): CodeIgniter\CodeIgniter->run()
12 SYSTEMPATH\Boot.php(68): CodeIgniter\Boot::runCodeIgniter(Object(CodeIgniter\CodeIgniter))
13 FCPATH\index.php(59): CodeIgniter\Boot::bootWeb(Object(Config\Paths))
14 SYSTEMPATH\rewrite.php(44): require_once('C:\\xampp\\htdocs\\Lab11_ci\\ci4\\public\\index.php')
CRITICAL - 2026-04-08 14:35:39 --> CodeIgniter\View\Exceptions\ViewException: Invalid file: "template/footer.php"
[Method: GET, Route: about/]
in SYSTEMPATH\Exceptions\FrameworkException.php on line 39.
 1 SYSTEMPATH\View\View.php(226): CodeIgniter\Exceptions\FrameworkException::forInvalidFile('template/footer.php')
 2 SYSTEMPATH\View\View.php(487): CodeIgniter\View\View->render('template/footer', null, true)
 3 APPPATH\Views\about.php(7): CodeIgniter\View\View->include('template/footer')
 4 SYSTEMPATH\View\View.php(238): include('C:\\xampp\\htdocs\\Lab11_ci\\ci4\\app\\Views\\about.php')
 5 SYSTEMPATH\View\View.php(241): CodeIgniter\View\View->CodeIgniter\View\{closure}()
 6 SYSTEMPATH\Common.php(1250): CodeIgniter\View\View->render('about', [], true)
 7 APPPATH\Controllers\page.php(9): view('about', [...])
 8 SYSTEMPATH\CodeIgniter.php(951): App\Controllers\Page->about()
 9 SYSTEMPATH\CodeIgniter.php(497): CodeIgniter\CodeIgniter->runController(Object(App\Controllers\Page))
10 SYSTEMPATH\CodeIgniter.php(340): CodeIgniter\CodeIgniter->handleRequest(null, Object(Config\Cache), false)
11 SYSTEMPATH\Boot.php(417): CodeIgniter\CodeIgniter->run()
12 SYSTEMPATH\Boot.php(68): CodeIgniter\Boot::runCodeIgniter(Object(CodeIgniter\CodeIgniter))
13 FCPATH\index.php(59): CodeIgniter\Boot::bootWeb(Object(Config\Paths))
14 SYSTEMPATH\rewrite.php(44): require_once('C:\\xampp\\htdocs\\Lab11_ci\\ci4\\public\\index.php')
CRITICAL - 2026-04-08 14:35:39 --> CodeIgniter\View\Exceptions\ViewException: Invalid file: "template/footer.php"
[Method: GET, Route: about/]
in SYSTEMPATH\Exceptions\FrameworkException.php on line 39.
 1 SYSTEMPATH\View\View.php(226): CodeIgniter\Exceptions\FrameworkException::forInvalidFile('template/footer.php')
 2 SYSTEMPATH\View\View.php(487): CodeIgniter\View\View->render('template/footer', null, true)
 3 APPPATH\Views\about.php(7): CodeIgniter\View\View->include('template/footer')
 4 SYSTEMPATH\View\View.php(238): include('C:\\xampp\\htdocs\\Lab11_ci\\ci4\\app\\Views\\about.php')
 5 SYSTEMPATH\View\View.php(241): CodeIgniter\View\View->CodeIgniter\View\{closure}()
 6 SYSTEMPATH\Common.php(1250): CodeIgniter\View\View->render('about', [], true)
 7 APPPATH\Controllers\page.php(9): view('about', [...])
 8 SYSTEMPATH\CodeIgniter.php(951): App\Controllers\Page->about()
 9 SYSTEMPATH\CodeIgniter.php(497): CodeIgniter\CodeIgniter->runController(Object(App\Controllers\Page))
10 SYSTEMPATH\CodeIgniter.php(340): CodeIgniter\CodeIgniter->handleRequest(null, Object(Config\Cache), false)
11 SYSTEMPATH\Boot.php(417): CodeIgniter\CodeIgniter->run()
12 SYSTEMPATH\Boot.php(68): CodeIgniter\Boot::runCodeIgniter(Object(CodeIgniter\CodeIgniter))
13 FCPATH\index.php(59): CodeIgniter\Boot::bootWeb(Object(Config\Paths))
14 SYSTEMPATH\rewrite.php(44): require_once('C:\\xampp\\htdocs\\Lab11_ci\\ci4\\public\\index.php')
CRITICAL - 2026-04-08 14:35:40 --> CodeIgniter\View\Exceptions\ViewException: Invalid file: "template/footer.php"
[Method: GET, Route: about/]
in SYSTEMPATH\Exceptions\FrameworkException.php on line 39.
 1 SYSTEMPATH\View\View.php(226): CodeIgniter\Exceptions\FrameworkException::forInvalidFile('template/footer.php')
 2 SYSTEMPATH\View\View.php(487): CodeIgniter\View\View->render('template/footer', null, true)
 3 APPPATH\Views\about.php(7): CodeIgniter\View\View->include('template/footer')
 4 SYSTEMPATH\View\View.php(238): include('C:\\xampp\\htdocs\\Lab11_ci\\ci4\\app\\Views\\about.php')
 5 SYSTEMPATH\View\View.php(241): CodeIgniter\View\View->CodeIgniter\View\{closure}()
 6 SYSTEMPATH\Common.php(1250): CodeIgniter\View\View->render('about', [], true)
 7 APPPATH\Controllers\page.php(9): view('about', [...])
 8 SYSTEMPATH\CodeIgniter.php(951): App\Controllers\Page->about()
 9 SYSTEMPATH\CodeIgniter.php(497): CodeIgniter\CodeIgniter->runController(Object(App\Controllers\Page))
10 SYSTEMPATH\CodeIgniter.php(340): CodeIgniter\CodeIgniter->handleRequest(null, Object(Config\Cache), false)
11 SYSTEMPATH\Boot.php(417): CodeIgniter\CodeIgniter->run()
12 SYSTEMPATH\Boot.php(68): CodeIgniter\Boot::runCodeIgniter(Object(CodeIgniter\CodeIgniter))
13 FCPATH\index.php(59): CodeIgniter\Boot::bootWeb(Object(Config\Paths))
14 SYSTEMPATH\rewrite.php(44): require_once('C:\\xampp\\htdocs\\Lab11_ci\\ci4\\public\\index.php')
CRITICAL - 2026-04-08 14:35:40 --> CodeIgniter\View\Exceptions\ViewException: Invalid file: "template/footer.php"
[Method: GET, Route: about/]
in SYSTEMPATH\Exceptions\FrameworkException.php on line 39.
 1 SYSTEMPATH\View\View.php(226): CodeIgniter\Exceptions\FrameworkException::forInvalidFile('template/footer.php')
 2 SYSTEMPATH\View\View.php(487): CodeIgniter\View\View->render('template/footer', null, true)
 3 APPPATH\Views\about.php(7): CodeIgniter\View\View->include('template/footer')
 4 SYSTEMPATH\View\View.php(238): include('C:\\xampp\\htdocs\\Lab11_ci\\ci4\\app\\Views\\about.php')
 5 SYSTEMPATH\View\View.php(241): CodeIgniter\View\View->CodeIgniter\View\{closure}()
 6 SYSTEMPATH\Common.php(1250): CodeIgniter\View\View->render('about', [], true)
 7 APPPATH\Controllers\page.php(9): view('about', [...])
 8 SYSTEMPATH\CodeIgniter.php(951): App\Controllers\Page->about()
 9 SYSTEMPATH\CodeIgniter.php(497): CodeIgniter\CodeIgniter->runController(Object(App\Controllers\Page))
10 SYSTEMPATH\CodeIgniter.php(340): CodeIgniter\CodeIgniter->handleRequest(null, Object(Config\Cache), false)
11 SYSTEMPATH\Boot.php(417): CodeIgniter\CodeIgniter->run()
12 SYSTEMPATH\Boot.php(68): CodeIgniter\Boot::runCodeIgniter(Object(CodeIgniter\CodeIgniter))
13 FCPATH\index.php(59): CodeIgniter\Boot::bootWeb(Object(Config\Paths))
14 SYSTEMPATH\rewrite.php(44): require_once('C:\\xampp\\htdocs\\Lab11_ci\\ci4\\public\\index.php')
CRITICAL - 2026-04-08 14:41:27 --> CodeIgniter\View\Exceptions\ViewException: Invalid file: "template/footer.php"
[Method: GET, Route: about/]
in SYSTEMPATH\Exceptions\FrameworkException.php on line 39.
 1 SYSTEMPATH\View\View.php(226): CodeIgniter\Exceptions\FrameworkException::forInvalidFile('template/footer.php')
 2 SYSTEMPATH\View\View.php(487): CodeIgniter\View\View->render('template/footer', null, true)
 3 APPPATH\Views\about.php(7): CodeIgniter\View\View->include('template/footer')
 4 SYSTEMPATH\View\View.php(238): include('C:\\xampp\\htdocs\\Lab11_ci\\ci4\\app\\Views\\about.php')
 5 SYSTEMPATH\View\View.php(241): CodeIgniter\View\View->CodeIgniter\View\{closure}()
 6 SYSTEMPATH\Common.php(1250): CodeIgniter\View\View->render('about', [], true)
 7 APPPATH\Controllers\Page.php(9): view('about', [...])
 8 SYSTEMPATH\CodeIgniter.php(951): App\Controllers\Page->about()
 9 SYSTEMPATH\CodeIgniter.php(497): CodeIgniter\CodeIgniter->runController(Object(App\Controllers\Page))
10 SYSTEMPATH\CodeIgniter.php(340): CodeIgniter\CodeIgniter->handleRequest(null, Object(Config\Cache), false)
11 SYSTEMPATH\Boot.php(417): CodeIgniter\CodeIgniter->run()
12 SYSTEMPATH\Boot.php(68): CodeIgniter\Boot::runCodeIgniter(Object(CodeIgniter\CodeIgniter))
13 FCPATH\index.php(59): CodeIgniter\Boot::bootWeb(Object(Config\Paths))
14 SYSTEMPATH\rewrite.php(44): require_once('C:\\xampp\\htdocs\\Lab11_ci\\ci4\\public\\index.php')
CRITICAL - 2026-04-08 15:02:13 --> CodeIgniter\View\Exceptions\ViewException: Invalid file: "tos.php"
[Method: GET, Route: page/tos]
in SYSTEMPATH\Exceptions\FrameworkException.php on line 39.
 1 SYSTEMPATH\View\View.php(226): CodeIgniter\Exceptions\FrameworkException::forInvalidFile('tos.php')
 2 SYSTEMPATH\Common.php(1250): CodeIgniter\View\View->render('tos', [], true)
 3 APPPATH\Controllers\Page.php(32): view('tos', [...])
 4 SYSTEMPATH\CodeIgniter.php(951): App\Controllers\Page->tos()
 5 SYSTEMPATH\CodeIgniter.php(497): CodeIgniter\CodeIgniter->runController(Object(App\Controllers\Page))
 6 SYSTEMPATH\CodeIgniter.php(340): CodeIgniter\CodeIgniter->handleRequest(null, Object(Config\Cache), false)
 7 SYSTEMPATH\Boot.php(417): CodeIgniter\CodeIgniter->run()
 8 SYSTEMPATH\Boot.php(68): CodeIgniter\Boot::runCodeIgniter(Object(CodeIgniter\CodeIgniter))
 9 FCPATH\index.php(59): CodeIgniter\Boot::bootWeb(Object(Config\Paths))
10 SYSTEMPATH\rewrite.php(44): require_once('C:\\xampp\\htdocs\\Lab11_ci\\ci4\\public\\index.php')
